<?xml version="1.0" encoding="UTF-8"?>
<!-- Generated by org.testng.reporters.JUnitXMLReporter -->
<testsuite ignored="0" hostname="LAPTOP-O7BRKD6N" failures="0" tests="3" name="Default test" time="5.862" errors="0" timestamp="2023-01-27T16:16:51 IST">
  <testcase classname="tests.DynamicJSON" name="AddBook" time="5.274"/>
  <testcase classname="tests.DynamicJSON" name="AddBook" time="0.23"/>
  <testcase classname="tests.DynamicJSON" name="AddBook" time="0.196"/>
</testsuite> <!-- Default test -->
