<?xml version="1.0" encoding="UTF-8"?>
<testng-results ignored="0" total="3" passed="3" failed="0" skipped="0">
  <reporter-output>
  </reporter-output>
  <suite started-at="2023-01-27T16:16:45 IST" name="Default suite" finished-at="2023-01-27T16:16:51 IST" duration-ms="5862">
    <groups>
    </groups>
    <test started-at="2023-01-27T16:16:45 IST" name="Default test" finished-at="2023-01-27T16:16:51 IST" duration-ms="5862">
      <class name="tests.DynamicJSON">
        <test-method signature="AddBook(java.lang.String,java.lang.String)[pri:0, instance:tests.DynamicJSON@293a5bf6]" started-at="2023-01-27T16:16:45 IST" name="AddBook" data-provider="getBookData" finished-at="2023-01-27T16:16:50 IST" duration-ms="5274" status="PASS">
          <params>
            <param index="0">
              <value>
                <![CDATA[jkl]]>
              </value>
            </param>
            <param index="1">
              <value>
                <![CDATA[457]]>
              </value>
            </param>
          </params>
          <reporter-output>
          </reporter-output>
        </test-method> <!-- AddBook -->
        <test-method signature="AddBook(java.lang.String,java.lang.String)[pri:0, instance:tests.DynamicJSON@293a5bf6]" started-at="2023-01-27T16:16:50 IST" name="AddBook" data-provider="getBookData" finished-at="2023-01-27T16:16:50 IST" duration-ms="230" status="PASS">
          <params>
            <param index="0">
              <value>
                <![CDATA[rty]]>
              </value>
            </param>
            <param index="1">
              <value>
                <![CDATA[757]]>
              </value>
            </param>
          </params>
          <reporter-output>
          </reporter-output>
        </test-method> <!-- AddBook -->
        <test-method signature="AddBook(java.lang.String,java.lang.String)[pri:0, instance:tests.DynamicJSON@293a5bf6]" started-at="2023-01-27T16:16:50 IST" name="AddBook" data-provider="getBookData" finished-at="2023-01-27T16:16:51 IST" duration-ms="196" status="PASS">
          <params>
            <param index="0">
              <value>
                <![CDATA[jdl]]>
              </value>
            </param>
            <param index="1">
              <value>
                <![CDATA[127]]>
              </value>
            </param>
          </params>
          <reporter-output>
          </reporter-output>
        </test-method> <!-- AddBook -->
      </class> <!-- tests.DynamicJSON -->
    </test> <!-- Default test -->
  </suite> <!-- Default suite -->
</testng-results>
